<?xml version="1.0" encoding="UTF-8"?>
<!-- Generated by org.testng.reporters.JUnitReportReporter -->
<testsuite skipped="0" hostname="VRN118" name="ApiTest" tests="3" failures="0" timestamp="2021-08-01T19:48:10 MSK" time="2.652" errors="0">
  <testcase name="findUsersTest" time="1.876" classname="ApiTest"/>
  <system-out/>
  <testcase name="getUsersTest" time="0.356" classname="ApiTest"/>
  <system-out/>
  <testcase name="registerNewUserTest" time="0.420" classname="ApiTest"/>
  <system-out/>
</testsuite> <!-- ApiTest -->
