<?xml version="1.0" encoding="UTF-8"?>
<!-- Generated by org.testng.reporters.JUnitReportReporter -->
<testsuite hostname="VRN118" failures="0" tests="3" name="ApiTest" time="2.334" errors="0" timestamp="2021-07-31T15:36:45 MSK" skipped="0">
  <testcase classname="ApiTest" name="getUsersTest" time="0.287"/>
  <system-out/>
  <testcase classname="ApiTest" name="registerNewUserTest" time="0.326"/>
  <system-out/>
  <testcase classname="ApiTest" name="findUsersTest" time="1.721"/>
  <system-out/>
</testsuite> <!-- ApiTest -->
